# JRE version: OpenJDK Runtime Environment Temurin-21.0.9+10 (21.0.9+10) (build 21.0.9+10-LTS)
# Java VM: OpenJDK 64-Bit Server VM Temurin-21.0.9+10 (21.0.9+10-LTS, mixed mode, emulated-client, sharing, tiered, compressed oops, compressed class ptrs, g1 gc, windows-amd64)
GC Precious Log:
 CardTable entry size: 512
 Card Set container configuration: InlinePtr #cards 5 size 8 Array Of Cards #cards 12 size 40 Howl #buckets 4 coarsen threshold 1843 Howl Bitmap #cards 512 size 80 coarsen threshold 460 Card regions per heap region 1 cards per card region 2048
 CPUs: 8 total, 8 available
 Memory: 7998M
 Large Page Support: Disabled
 NUMA Support: Disabled
 Compressed Oops: Enabled (32-bit)
 Heap Region Size: 1M
 Heap Min Capacity: 8M
 Heap Initial Capacity: 126M
 Heap Max Capacity: 2000M
 Pre-touch: Disabled
 Parallel Workers: 8
 Concurrent Workers: 2
 Concurrent Refinement Workers: 8
 Periodic GC: Disabled
Heap:
 garbage-first heap   total 413696K, used 319040K [0x0000000083000000, 0x0000000100000000)
  region size 1024K, 14 young (14336K), 10 survivors (10240K)
 Metaspace       used 118173K, committed 120384K, reserved 1179648K
  class space    used 15132K, committed 15872K, reserved 1048576K
GC Heap History (20 events):
Event: 41.822 GC heap before
{Heap before GC invocations=87 (full 0):
 garbage-first heap   total 292864K, used 274173K [0x0000000083000000, 0x0000000100000000)
  region size 1024K, 127 young (130048K), 12 survivors (12288K)
 Metaspace       used 115322K, committed 117312K, reserved 1179648K
  class space    used 14854K, committed 15488K, reserved 1048576K
}
Event: 41.835 GC heap after
{Heap after GC invocations=88 (full 0):
 garbage-first heap   total 293888K, used 162986K [0x0000000083000000, 0x0000000100000000)
  region size 1024K, 15 young (15360K), 15 survivors (15360K)
 Metaspace       used 115322K, committed 117312K, reserved 1179648K
  class space    used 14854K, committed 15488K, reserved 1048576K
}
Event: 42.594 GC heap before
{Heap before GC invocations=89 (full 0):
 garbage-first heap   total 293888K, used 272554K [0x0000000083000000, 0x0000000100000000)
  region size 1024K, 125 young (128000K), 15 survivors (15360K)
 Metaspace       used 116190K, committed 118272K, reserved 1179648K
  class space    used 14948K, committed 15616K, reserved 1048576K
}
Event: 42.606 GC heap after
{Heap after GC invocations=90 (full 0):
 garbage-first heap   total 293888K, used 162897K [0x0000000083000000, 0x0000000100000000)
  region size 1024K, 10 young (10240K), 10 survivors (10240K)
 Metaspace       used 116190K, committed 118272K, reserved 1179648K
  class space    used 14948K, committed 15616K, reserved 1048576K
}
Event: 43.626 GC heap before
{Heap before GC invocations=90 (full 0):
 garbage-first heap   total 293888K, used 277585K [0x0000000083000000, 0x0000000100000000)
  region size 1024K, 122 young (124928K), 10 survivors (10240K)
 Metaspace       used 116847K, committed 118912K, reserved 1179648K
  class space    used 15009K, committed 15680K, reserved 1048576K
}
Event: 43.640 GC heap after
{Heap after GC invocations=91 (full 0):
 garbage-first heap   total 293888K, used 160395K [0x0000000083000000, 0x0000000100000000)
  region size 1024K, 7 young (7168K), 7 survivors (7168K)
 Metaspace       used 116847K, committed 118912K, reserved 1179648K
  class space    used 15009K, committed 15680K, reserved 1048576K
}
Event: 44.304 GC heap before
{Heap before GC invocations=91 (full 0):
 garbage-first heap   total 293888K, used 278155K [0x0000000083000000, 0x0000000100000000)
  region size 1024K, 122 young (124928K), 7 survivors (7168K)
 Metaspace       used 117009K, committed 119168K, reserved 1179648K
  class space    used 15026K, committed 15744K, reserved 1048576K
}
Event: 44.314 GC heap after
{Heap after GC invocations=92 (full 0):
 garbage-first heap   total 293888K, used 162816K [0x0000000083000000, 0x0000000100000000)
  region size 1024K, 9 young (9216K), 9 survivors (9216K)
 Metaspace       used 117009K, committed 119168K, reserved 1179648K
  class space    used 15026K, committed 15744K, reserved 1048576K
}
Event: 45.494 GC heap before
{Heap before GC invocations=93 (full 0):
 garbage-first heap   total 293888K, used 278528K [0x0000000083000000, 0x0000000100000000)
  region size 1024K, 122 young (124928K), 9 survivors (9216K)
 Metaspace       used 118172K, committed 120384K, reserved 1179648K
  class space    used 15132K, committed 15872K, reserved 1048576K
}
Event: 45.518 GC heap after
{Heap after GC invocations=94 (full 0):
 garbage-first heap   total 300032K, used 175033K [0x0000000083000000, 0x0000000100000000)
  region size 1024K, 16 young (16384K), 16 survivors (16384K)
 Metaspace       used 118172K, committed 120384K, reserved 1179648K
  class space    used 15132K, committed 15872K, reserved 1048576K
}
Event: 45.853 GC heap before
{Heap before GC invocations=94 (full 0):
 garbage-first heap   total 300032K, used 281529K [0x0000000083000000, 0x0000000100000000)
  region size 1024K, 117 young (119808K), 16 survivors (16384K)
 Metaspace       used 118172K, committed 120384K, reserved 1179648K
  class space    used 15132K, committed 15872K, reserved 1048576K
}
Event: 45.968 GC heap after
{Heap after GC invocations=95 (full 0):
 garbage-first heap   total 335872K, used 209920K [0x0000000083000000, 0x0000000100000000)
  region size 1024K, 15 young (15360K), 15 survivors (15360K)
 Metaspace       used 118172K, committed 120384K, reserved 1179648K
  class space    used 15132K, committed 15872K, reserved 1048576K
}
Event: 46.202 GC heap before
{Heap before GC invocations=95 (full 0):
 garbage-first heap   total 335872K, used 275456K [0x0000000083000000, 0x0000000100000000)
  region size 1024K, 80 young (81920K), 15 survivors (15360K)
 Metaspace       used 118172K, committed 120384K, reserved 1179648K
  class space    used 15132K, committed 15872K, reserved 1048576K
}
Event: 46.240 GC heap after
{Heap after GC invocations=96 (full 0):
 garbage-first heap   total 413696K, used 236544K [0x0000000083000000, 0x0000000100000000)
  region size 1024K, 12 young (12288K), 12 survivors (12288K)
 Metaspace       used 118172K, committed 120384K, reserved 1179648K
  class space    used 15132K, committed 15872K, reserved 1048576K
}
Event: 46.683 GC heap before
{Heap before GC invocations=96 (full 0):
 garbage-first heap   total 413696K, used 344064K [0x0000000083000000, 0x0000000100000000)
  region size 1024K, 114 young (116736K), 12 survivors (12288K)
 Metaspace       used 118172K, committed 120384K, reserved 1179648K
  class space    used 15132K, committed 15872K, reserved 1048576K
}
Event: 46.730 GC heap after
{Heap after GC invocations=97 (full 0):
 garbage-first heap   total 413696K, used 270336K [0x0000000083000000, 0x0000000100000000)
  region size 1024K, 15 young (15360K), 15 survivors (15360K)
 Metaspace       used 118172K, committed 120384K, reserved 1179648K
  class space    used 15132K, committed 15872K, reserved 1048576K
}
Event: 46.901 GC heap before
{Heap before GC invocations=97 (full 0):
 garbage-first heap   total 413696K, used 327680K [0x0000000083000000, 0x0000000100000000)
  region size 1024K, 72 young (73728K), 15 survivors (15360K)
 Metaspace       used 118173K, committed 120384K, reserved 1179648K
  class space    used 15132K, committed 15872K, reserved 1048576K
}
Event: 46.935 GC heap after
{Heap after GC invocations=98 (full 0):
 garbage-first heap   total 413696K, used 292864K [0x0000000083000000, 0x0000000100000000)
  region size 1024K, 12 young (12288K), 12 survivors (12288K)
 Metaspace       used 118173K, committed 120384K, reserved 1179648K
  class space    used 15132K, committed 15872K, reserved 1048576K
}
Event: 47.244 GC heap before
{Heap before GC invocations=98 (full 0):
 garbage-first heap   total 413696K, used 362496K [0x0000000083000000, 0x0000000100000000)
  region size 1024K, 77 young (78848K), 12 survivors (12288K)
 Metaspace       used 118173K, committed 120384K, reserved 1179648K
  class space    used 15132K, committed 15872K, reserved 1048576K
}
Event: 47.273 GC heap after
{Heap after GC invocations=99 (full 0):
 garbage-first heap   total 413696K, used 322112K [0x0000000083000000, 0x0000000100000000)
  region size 1024K, 10 young (10240K), 10 survivors (10240K)
 Metaspace       used 118173K, committed 120384K, reserved 1179648K
  class space    used 15132K, committed 15872K, reserved 1048576K
}

